This is pdfTeX, Version 3.141592653-2.6-1.40.26 (MiKTeX 24.4) (preloaded format=pdflatex 2024.11.10)  30 DEC 2024 07:54
entering extended mode
 restricted \write18 enabled.
 %&-line parsing enabled.
**C:/Users/gerar/Documents/VUB/Mastervakken/Cloud-Computing-and-Big-Data-Proces
sing/Cloud-Computing/project/report/main.tex

(C:/Users/gerar/Documents/VUB/Mastervakken/Cloud-Computing-and-Big-Data-Process
ing/Cloud-Computing/project/report/main.tex
LaTeX2e <2024-11-01>
L3 programming layer <2024-10-09>
(C:\Users\gerar\AppData\Local\Programs\MiKTeX\tex/latex/base\article.cls
Document Class: article 2024/06/29 v1.4n Standard LaTeX document class
(C:\Users\gerar\AppData\Local\Programs\MiKTeX\tex/latex/base\size10.clo
File: size10.clo 2024/06/29 v1.4n Standard LaTeX file (size option)
)
\c@part=\count196
\c@section=\count197
\c@subsection=\count198
\c@subsubsection=\count199
\c@paragraph=\count266
\c@subparagraph=\count267
\c@figure=\count268
\c@table=\count269
\abovecaptionskip=\skip49
\belowcaptionskip=\skip50
\bibindent=\dimen141
)

! LaTeX Error: File `vub.sty' not found.

Type X to quit or <RETURN> to proceed,
or enter new name. (Default extension: sty)

Enter file name: 
! Emergency stop.
<read *> 
         
l.6 \usepackage
               {hyperref}^^M
End of file on the terminal!

 
Here is how much of TeX's memory you used:
 238 strings out of 473702
 3325 string characters out of 5719437
 389622 words of memory out of 5000000
 23393 multiletter control sequences out of 15000+600000
 558069 words of font info for 36 fonts, out of 8000000 for 9000
 1141 hyphenation exceptions out of 8191
 35i,0n,38p,236b,36s stack positions out of 10000i,1000n,20000p,200000b,200000s
!  ==> Fatal error occurred, no output PDF file produced!
